[1764349438.774][INFO]: Starting ChromeDriver 142.0.7444.175 (302067f14a4ea3f42001580e6101fa25ed343445-refs/branch-heads/7444@{#2749}) on port 38974
[1764349438.774][INFO]: Please see https://chromedriver.chromium.org/security-considerations for suggestions on keeping ChromeDriver safe.
[1764349438.778][INFO]: ChromeDriver was started successfully on port 38974
[1764349439.406][INFO]: [dbd4a6ecf9c428cb84879f61f999d412] COMMAND InitSession {
   "capabilities": {
      "firstMatch": [ {
         "browserName": "chrome",
         "goog:chromeOptions": {
            "args": [  ],
            "extensions": [  ]
         },
         "goog:loggingPrefs": {
            "browser": "ALL",
            "driver": "ALL"
         }
      } ]
   }
}
[1764349439.406][INFO]: Browser search. Trying... C:\Users\ritv4\.cache\selenium\chromedriver\win64\142.0.7444.175\chrome.exe
[1764349439.407][INFO]: Browser search. Trying... C:\Users\ritv4\.cache\selenium\chromedriver\win64\142.0.7444.175\chrome.exe
[1764349439.407][INFO]: Browser search. Trying... C:\Users\ritv4\.cache\selenium\chromedriver\win64\142.0.7444.175\chromium.exe
[1764349439.409][INFO]: Browser search. Trying... C:\Users\ritv4\AppData\Local\Google\Chrome\Application\chrome.exe
[1764349439.409][INFO]: Browser search. Trying... C:\Program Files\Google\Chrome\Application\chrome.exe
[1764349439.409][INFO]: Browser search. Found at  C:\Program Files\Google\Chrome\Application\chrome.exe
[1764349439.410][INFO]: Populating Preferences file: {
   "alternate_error_pages": {
      "enabled": false
   },
   "autofill": {
      "enabled": false
   },
   "browser": {
      "check_default_browser": false
   },
   "distribution": {
      "import_bookmarks": false,
      "import_history": false,
      "import_search_engine": false,
      "make_chrome_default_for_user": false,
      "skip_first_run_ui": true
   },
   "dns_prefetching": {
      "enabled": false
   },
   "profile": {
      "content_settings": {
         "pattern_pairs": {
            "https://*,*": {
               "media-stream": {
                  "audio": "Default",
                  "video": "Default"
               }
            }
         }
      },
      "default_content_setting_values": {
         "geolocation": 1
      },
      "default_content_settings": {
         "geolocation": 1,
         "mouselock": 1,
         "notifications": 1,
         "popups": 1,
         "ppapi-broker": 1
      },
      "password_manager_enabled": false
   },
   "safebrowsing": {
      "enabled": false
   },
   "search": {
      "suggest_enabled": false
   },
   "translate": {
      "enabled": false
   }
}
[1764349439.411][INFO]: Populating Local State file: {
   "background_mode": {
      "enabled": false
   },
   "ssl": {
      "rev_checking": {
         "enabled": false
      }
   }
}
[1764349439.411][INFO]: ChromeDriver supports communication with Chrome via pipes. This is more reliable and more secure.
[1764349439.411][INFO]: Use the --remote-debugging-pipe Chrome switch instead of the default --remote-debugging-port to enable this communication mode.
[1764349439.412][INFO]: Launching chrome: "C:\Program Files\Google\Chrome\Application\chrome.exe" --allow-pre-commit-input --disable-background-networking --disable-backgrounding-occluded-windows --disable-client-side-phishing-detection --disable-default-apps --disable-features=IgnoreDuplicateNavs,Prewarm --disable-hang-monitor --disable-popup-blocking --disable-prompt-on-repost --disable-sync --enable-automation --enable-logging --log-level=0 --no-first-run --no-service-autorun --password-store=basic --remote-debugging-port=0 --test-type=webdriver --use-mock-keychain --user-data-dir="C:\Users\ritv4\AppData\Local\Temp\scoped_dir1544_168186543" data:,
[1764349440.005][INFO]: resolved localhost to ["::1","127.0.0.1"]
[1764349440.014][INFO]: [dbd4a6ecf9c428cb84879f61f999d412] RESPONSE InitSession {
   "capabilities": {
      "acceptInsecureCerts": false,
      "browserName": "chrome",
      "browserVersion": "142.0.7444.176",
      "chrome": {
         "chromedriverVersion": "142.0.7444.175 (302067f14a4ea3f42001580e6101fa25ed343445-refs/branch-heads/7444@{#2749})",
         "userDataDir": "C:\\Users\\ritv4\\AppData\\Local\\Temp\\scoped_dir1544_168186543"
      },
      "fedcm:accounts": true,
      "goog:chromeOptions": {
         "debuggerAddress": "localhost:62590"
      },
      "goog:processID": 23164,
      "networkConnectionEnabled": false,
      "pageLoadStrategy": "normal",
      "platformName": "windows",
      "proxy": {
      },
      "setWindowRect": true,
      "strictFileInteractability": false,
      "timeouts": {
         "implicit": 0,
         "pageLoad": 300000,
         "script": 30000
      },
      "unhandledPromptBehavior": "dismiss and notify",
      "webauthn:extension:credBlob": true,
      "webauthn:extension:largeBlob": true,
      "webauthn:extension:minPinLength": true,
      "webauthn:extension:prf": true,
      "~~~": "..."
   },
   "sessionId": "dbd4a6ecf9c428cb84879f61f999d412"
}
[1764349440.100][INFO]: [dbd4a6ecf9c428cb84879f61f999d412] COMMAND MaximizeWindow {
}
[1764349440.100][INFO]: Waiting for pending navigations...
[1764349440.103][INFO]: Done waiting for pending navigations. Status: ok
[1764349440.124][INFO]: Waiting for pending navigations...
[1764349440.125][INFO]: Done waiting for pending navigations. Status: ok
[1764349440.125][INFO]: [dbd4a6ecf9c428cb84879f61f999d412] RESPONSE MaximizeWindow {
   "height": 832,
   "width": 1552,
   "x": -8,
   "y": -8
}
[1764349440.129][INFO]: [dbd4a6ecf9c428cb84879f61f999d412] COMMAND SetTimeouts {
   "implicit": 30000
}
[1764349440.129][INFO]: [dbd4a6ecf9c428cb84879f61f999d412] RESPONSE SetTimeouts
[1764349440.133][INFO]: [dbd4a6ecf9c428cb84879f61f999d412] COMMAND SetTimeouts {
   "implicit": 3000
}
[1764349440.133][INFO]: [dbd4a6ecf9c428cb84879f61f999d412] RESPONSE SetTimeouts
[1764349440.135][INFO]: [dbd4a6ecf9c428cb84879f61f999d412] COMMAND Navigate {
   "url": "https://www.google.com"
}
[1764349440.135][INFO]: Waiting for pending navigations...
[1764349440.135][INFO]: Done waiting for pending navigations. Status: ok
[1764349440.757][INFO]: Waiting for pending navigations...
[1764349442.075][INFO]: Done waiting for pending navigations. Status: ok
[1764349442.075][INFO]: [dbd4a6ecf9c428cb84879f61f999d412] RESPONSE Navigate
[1764349442.082][INFO]: [dbd4a6ecf9c428cb84879f61f999d412] COMMAND Navigate {
   "url": "https://leetcode.com/"
}
[1764349442.083][INFO]: Waiting for pending navigations...
[1764349442.083][INFO]: Done waiting for pending navigations. Status: ok
[1764349443.739][INFO]: Waiting for pending navigations...
[1764349454.750][INFO]: Done waiting for pending navigations. Status: ok
[1764349454.750][INFO]: [dbd4a6ecf9c428cb84879f61f999d412] RESPONSE Navigate
[1764349454.753][INFO]: [dbd4a6ecf9c428cb84879f61f999d412] COMMAND GetUrl {
}
[1764349454.753][INFO]: Waiting for pending navigations...
[1764349454.754][INFO]: Done waiting for pending navigations. Status: ok
[1764349454.759][INFO]: Waiting for pending navigations...
[1764349454.759][INFO]: Done waiting for pending navigations. Status: ok
[1764349454.759][INFO]: [dbd4a6ecf9c428cb84879f61f999d412] RESPONSE GetUrl "https://leetcode.com/"
[1764349454.762][INFO]: [dbd4a6ecf9c428cb84879f61f999d412] COMMAND Navigate {
   "url": "https://leetcode.com/"
}
[1764349454.762][INFO]: Waiting for pending navigations...
[1764349454.763][INFO]: Done waiting for pending navigations. Status: ok
[1764349455.352][INFO]: Waiting for pending navigations...
[1764349456.138][INFO]: Done waiting for pending navigations. Status: ok
[1764349456.138][INFO]: [dbd4a6ecf9c428cb84879f61f999d412] RESPONSE Navigate
[1764349456.142][INFO]: [dbd4a6ecf9c428cb84879f61f999d412] COMMAND FindElement {
   "using": "xpath",
   "value": "//a[@href='/problemset/']"
}
[1764349456.142][INFO]: Waiting for pending navigations...
[1764349456.143][INFO]: Done waiting for pending navigations. Status: ok
[1764349456.157][INFO]: Waiting for pending navigations...
[1764349456.160][INFO]: Done waiting for pending navigations. Status: ok
[1764349456.160][INFO]: [dbd4a6ecf9c428cb84879f61f999d412] RESPONSE FindElement {
   "element-6066-11e4-a52e-4f735466cecf": "f.D51834E9D170EED26347268E4460A7EE.d.303E8E5E45B32F2328FFB52409F13B37.e.33"
}
[1764349456.169][INFO]: [dbd4a6ecf9c428cb84879f61f999d412] COMMAND ClickElement {
   "id": "f.D51834E9D170EED26347268E4460A7EE.d.303E8E5E45B32F2328FFB52409F13B37.e.33"
}
[1764349456.169][INFO]: Waiting for pending navigations...
[1764349456.170][INFO]: Done waiting for pending navigations. Status: ok
[1764349456.268][INFO]: Waiting for pending navigations...
[1764349457.745][INFO]: Done waiting for pending navigations. Status: ok
[1764349457.745][INFO]: [dbd4a6ecf9c428cb84879f61f999d412] RESPONSE ClickElement
[1764349457.748][INFO]: [dbd4a6ecf9c428cb84879f61f999d412] COMMAND GetUrl {
}
[1764349457.749][INFO]: Waiting for pending navigations...
[1764349457.755][INFO]: Done waiting for pending navigations. Status: ok
[1764349457.840][INFO]: Waiting for pending navigations...
[1764349457.845][INFO]: Done waiting for pending navigations. Status: ok
[1764349457.845][INFO]: [dbd4a6ecf9c428cb84879f61f999d412] RESPONSE GetUrl "https://leetcode.com/problemset/"
[1764349462.861][INFO]: [dbd4a6ecf9c428cb84879f61f999d412] COMMAND FindElements {
   "using": "css selector",
   "value": "div.relative.flex.h-full.w-full.cursor-pointer.items-center"
}
[1764349462.861][INFO]: Waiting for pending navigations...
[1764349462.863][INFO]: Done waiting for pending navigations. Status: ok
[1764349462.883][INFO]: Waiting for pending navigations...
[1764349462.887][INFO]: Done waiting for pending navigations. Status: ok
[1764349462.887][INFO]: [dbd4a6ecf9c428cb84879f61f999d412] RESPONSE FindElements [ {
   "element-6066-11e4-a52e-4f735466cecf": "f.D51834E9D170EED26347268E4460A7EE.d.634CD5BE81CC9AEEDF19C2F98CDDEA91.e.96"
}, {
   "element-6066-11e4-a52e-4f735466cecf": "f.D51834E9D170EED26347268E4460A7EE.d.634CD5BE81CC9AEEDF19C2F98CDDEA91.e.97"
}, {
   "element-6066-11e4-a52e-4f735466cecf": "f.D51834E9D170EED26347268E4460A7EE.d.634CD5BE81CC9AEEDF19C2F98CDDEA91.e.95"
}, {
   "element-6066-11e4-a52e-4f735466cecf": "f.D51834E9D170EED26347268E4460A7EE.d.634CD5BE81CC9AEEDF19C2F98CDDEA91.e.98"
}, {
   "element-6066-11e4-a52e-4f735466cecf": "f.D51834E9D170EED26347268E4460A7EE.d.634CD5BE81CC9AEEDF19C2F98CDDEA91.e.99"
}, {
   "element-6066-11e4-a52e-4f735466cecf": "f.D51834E9D170EED26347268E4460A7EE.d.634CD5BE81CC9AEEDF19C2F98CDDEA91.e.100"
}, {
   "element-6066-11e4-a52e-4f735466cecf": "f.D51834E9D170EED26347268E4460A7EE.d.634CD5BE81CC9AEEDF19C2F98CDDEA91.e.101"
}, {
   "element-6066-11e4-a52e-4f735466cecf": "f.D51834E9D170EED26347268E4460A7EE.d.634CD5BE81CC9AEEDF19C2F98CDDEA91.e.102"
}, {
   "element-6066-11e4-a52e-4f735466cecf": "f.D51834E9D170EED26347268E4460A7EE.d.634CD5BE81CC9AEEDF19C2F98CDDEA91.e.103"
}, {
   "element-6066-11e4-a52e-4f735466cecf": "f.D51834E9D170EED26347268E4460A7EE.d.634CD5BE81CC9AEEDF19C2F98CDDEA91.e.104"
}, {
   "element-6066-11e4-a52e-4f735466cecf": "f.D51834E9D170EED26347268E4460A7EE.d.634CD5BE81CC9AEEDF19C2F98CDDEA91.e.105"
}, {
   "element-6066-11e4-a52e-4f735466cecf": "f.D51834E9D170EED26347268E4460A7EE.d.634CD5BE81CC9AEEDF19C2F98CDDEA91.e.106"
}, {
   "element-6066-11e4-a52e-4f735466cecf": "f.D51834E9D170EED26347268E4460A7EE.d.634CD5BE81CC9AEEDF19C2F98CDDEA91.e.107"
}, {
   "element-6066-11e4-a52e-4f735466cecf": "f.D51834E9D170EED26347268E4460A7EE.d.634CD5BE81CC9AEEDF19C2F98CDDEA91.e.108"
}, {
   "element-6066-11e4-a52e-4f735466cecf": "f.D51834E9D170EED26347268E4460A7EE.d.634CD5BE81CC9AEEDF19C2F98CDDEA91.e.109"
}, {
   "element-6066-11e4-a52e-4f735466cecf": "f.D51834E9D170EED26347268E4460A7EE.d.634CD5BE81CC9AEEDF19C2F98CDDEA91.e.110"
}, {
   "element-6066-11e4-a52e-4f735466cecf": "f.D51834E9D170EED26347268E4460A7EE.d.634CD5BE81CC9AEEDF19C2F98CDDEA91.e.111"
}, {
   "element-6066-11e4-a52e-4f735466cecf": "f.D51834E9D170EED26347268E4460A7EE.d.634CD5BE81CC9AEEDF19C2F98CDDEA91.e.112"
}, {
   "element-6066-11e4-a52e-4f735466cecf": "f.D51834E9D170EED26347268E4460A7EE.d.634CD5BE81CC9AEEDF19C2F98CDDEA91.e.113"
}, "..." ]
[1764349462.895][INFO]: [dbd4a6ecf9c428cb84879f61f999d412] COMMAND FindChildElement {
   "id": "f.D51834E9D170EED26347268E4460A7EE.d.634CD5BE81CC9AEEDF19C2F98CDDEA91.e.97",
   "using": "css selector",
   "value": "div.ellipsis.line-clamp-1"
}
[1764349462.895][INFO]: Waiting for pending navigations...
[1764349462.897][INFO]: Done waiting for pending navigations. Status: ok
[1764349462.917][INFO]: Waiting for pending navigations...
[1764349462.923][INFO]: Done waiting for pending navigations. Status: ok
[1764349462.923][INFO]: [dbd4a6ecf9c428cb84879f61f999d412] RESPONSE FindChildElement {
   "element-6066-11e4-a52e-4f735466cecf": "f.D51834E9D170EED26347268E4460A7EE.d.634CD5BE81CC9AEEDF19C2F98CDDEA91.e.196"
}
[1764349462.927][INFO]: [dbd4a6ecf9c428cb84879f61f999d412] COMMAND GetElementText {
   "id": "f.D51834E9D170EED26347268E4460A7EE.d.634CD5BE81CC9AEEDF19C2F98CDDEA91.e.196"
}
[1764349462.927][INFO]: Waiting for pending navigations...
[1764349462.930][INFO]: Done waiting for pending navigations. Status: ok
[1764349462.965][INFO]: Waiting for pending navigations...
[1764349462.970][INFO]: Done waiting for pending navigations. Status: ok
[1764349462.970][INFO]: [dbd4a6ecf9c428cb84879f61f999d412] RESPONSE GetElementText "1. Two Sum"
[1764349462.973][INFO]: [dbd4a6ecf9c428cb84879f61f999d412] COMMAND FindChildElement {
   "id": "f.D51834E9D170EED26347268E4460A7EE.d.634CD5BE81CC9AEEDF19C2F98CDDEA91.e.95",
   "using": "css selector",
   "value": "div.ellipsis.line-clamp-1"
}
[1764349462.974][INFO]: Waiting for pending navigations...
[1764349462.976][INFO]: Done waiting for pending navigations. Status: ok
[1764349462.996][INFO]: Waiting for pending navigations...
[1764349463.003][INFO]: Done waiting for pending navigations. Status: ok
[1764349463.003][INFO]: [dbd4a6ecf9c428cb84879f61f999d412] RESPONSE FindChildElement {
   "element-6066-11e4-a52e-4f735466cecf": "f.D51834E9D170EED26347268E4460A7EE.d.634CD5BE81CC9AEEDF19C2F98CDDEA91.e.197"
}
[1764349463.006][INFO]: [dbd4a6ecf9c428cb84879f61f999d412] COMMAND GetElementText {
   "id": "f.D51834E9D170EED26347268E4460A7EE.d.634CD5BE81CC9AEEDF19C2F98CDDEA91.e.197"
}
[1764349463.006][INFO]: Waiting for pending navigations...
[1764349463.010][INFO]: Done waiting for pending navigations. Status: ok
[1764349463.032][INFO]: Waiting for pending navigations...
[1764349463.037][INFO]: Done waiting for pending navigations. Status: ok
[1764349463.037][INFO]: [dbd4a6ecf9c428cb84879f61f999d412] RESPONSE GetElementText "2. Add Two Numbers"
[1764349463.041][INFO]: [dbd4a6ecf9c428cb84879f61f999d412] COMMAND FindChildElement {
   "id": "f.D51834E9D170EED26347268E4460A7EE.d.634CD5BE81CC9AEEDF19C2F98CDDEA91.e.98",
   "using": "css selector",
   "value": "div.ellipsis.line-clamp-1"
}
[1764349463.041][INFO]: Waiting for pending navigations...
[1764349463.043][INFO]: Done waiting for pending navigations. Status: ok
[1764349463.060][INFO]: Waiting for pending navigations...
[1764349463.066][INFO]: Done waiting for pending navigations. Status: ok
[1764349463.066][INFO]: [dbd4a6ecf9c428cb84879f61f999d412] RESPONSE FindChildElement {
   "element-6066-11e4-a52e-4f735466cecf": "f.D51834E9D170EED26347268E4460A7EE.d.634CD5BE81CC9AEEDF19C2F98CDDEA91.e.198"
}
[1764349463.070][INFO]: [dbd4a6ecf9c428cb84879f61f999d412] COMMAND GetElementText {
   "id": "f.D51834E9D170EED26347268E4460A7EE.d.634CD5BE81CC9AEEDF19C2F98CDDEA91.e.198"
}
[1764349463.070][INFO]: Waiting for pending navigations...
[1764349463.071][INFO]: Done waiting for pending navigations. Status: ok
[1764349463.089][INFO]: Waiting for pending navigations...
[1764349463.094][INFO]: Done waiting for pending navigations. Status: ok
[1764349463.094][INFO]: [dbd4a6ecf9c428cb84879f61f999d412] RESPONSE GetElementText "3. Longest Substring Without Repeating Characters"
[1764349463.096][INFO]: [dbd4a6ecf9c428cb84879f61f999d412] COMMAND FindChildElement {
   "id": "f.D51834E9D170EED26347268E4460A7EE.d.634CD5BE81CC9AEEDF19C2F98CDDEA91.e.99",
   "using": "css selector",
   "value": "div.ellipsis.line-clamp-1"
}
[1764349463.097][INFO]: Waiting for pending navigations...
[1764349463.100][INFO]: Done waiting for pending navigations. Status: ok
[1764349463.114][INFO]: Waiting for pending navigations...
[1764349463.119][INFO]: Done waiting for pending navigations. Status: ok
[1764349463.119][INFO]: [dbd4a6ecf9c428cb84879f61f999d412] RESPONSE FindChildElement {
   "element-6066-11e4-a52e-4f735466cecf": "f.D51834E9D170EED26347268E4460A7EE.d.634CD5BE81CC9AEEDF19C2F98CDDEA91.e.199"
}
[1764349463.123][INFO]: [dbd4a6ecf9c428cb84879f61f999d412] COMMAND GetElementText {
   "id": "f.D51834E9D170EED26347268E4460A7EE.d.634CD5BE81CC9AEEDF19C2F98CDDEA91.e.199"
}
[1764349463.123][INFO]: Waiting for pending navigations...
[1764349463.129][INFO]: Done waiting for pending navigations. Status: ok
[1764349463.144][INFO]: Waiting for pending navigations...
[1764349463.150][INFO]: Done waiting for pending navigations. Status: ok
[1764349463.150][INFO]: [dbd4a6ecf9c428cb84879f61f999d412] RESPONSE GetElementText "4. Median of Two Sorted Arrays"
[1764349463.153][INFO]: [dbd4a6ecf9c428cb84879f61f999d412] COMMAND FindChildElement {
   "id": "f.D51834E9D170EED26347268E4460A7EE.d.634CD5BE81CC9AEEDF19C2F98CDDEA91.e.100",
   "using": "css selector",
   "value": "div.ellipsis.line-clamp-1"
}
[1764349463.153][INFO]: Waiting for pending navigations...
[1764349463.156][INFO]: Done waiting for pending navigations. Status: ok
[1764349463.184][INFO]: Waiting for pending navigations...
[1764349463.190][INFO]: Done waiting for pending navigations. Status: ok
[1764349463.190][INFO]: [dbd4a6ecf9c428cb84879f61f999d412] RESPONSE FindChildElement {
   "element-6066-11e4-a52e-4f735466cecf": "f.D51834E9D170EED26347268E4460A7EE.d.634CD5BE81CC9AEEDF19C2F98CDDEA91.e.200"
}
[1764349463.193][INFO]: [dbd4a6ecf9c428cb84879f61f999d412] COMMAND GetElementText {
   "id": "f.D51834E9D170EED26347268E4460A7EE.d.634CD5BE81CC9AEEDF19C2F98CDDEA91.e.200"
}
[1764349463.193][INFO]: Waiting for pending navigations...
[1764349463.197][INFO]: Done waiting for pending navigations. Status: ok
[1764349463.213][INFO]: Waiting for pending navigations...
[1764349463.218][INFO]: Done waiting for pending navigations. Status: ok
[1764349463.218][INFO]: [dbd4a6ecf9c428cb84879f61f999d412] RESPONSE GetElementText "5. Longest Palindromic Substring"
[1764349463.221][INFO]: [dbd4a6ecf9c428cb84879f61f999d412] COMMAND GetUrl {
}
[1764349463.221][INFO]: Waiting for pending navigations...
[1764349463.224][INFO]: Done waiting for pending navigations. Status: ok
[1764349463.231][INFO]: Waiting for pending navigations...
[1764349463.232][INFO]: Done waiting for pending navigations. Status: ok
[1764349463.233][INFO]: [dbd4a6ecf9c428cb84879f61f999d412] RESPONSE GetUrl "https://leetcode.com/problemset/"
[1764349463.235][INFO]: [dbd4a6ecf9c428cb84879f61f999d412] COMMAND FindElements {
   "using": "xpath",
   "value": "//div[@role='rowgroup']/div/div[2]//descendant::a"
}
[1764349463.235][INFO]: Waiting for pending navigations...
[1764349463.238][INFO]: Done waiting for pending navigations. Status: ok
[1764349466.251][INFO]: Waiting for pending navigations...
[1764349466.256][INFO]: Done waiting for pending navigations. Status: ok
[1764349466.256][INFO]: [dbd4a6ecf9c428cb84879f61f999d412] RESPONSE FindElements [  ]
[1764349466.259][INFO]: [dbd4a6ecf9c428cb84879f61f999d412] COMMAND SetTimeouts {
   "implicit": 3000
}
[1764349466.259][INFO]: [dbd4a6ecf9c428cb84879f61f999d412] RESPONSE SetTimeouts
[1764349466.261][INFO]: [dbd4a6ecf9c428cb84879f61f999d412] COMMAND GetUrl {
}
[1764349466.262][INFO]: Waiting for pending navigations...
[1764349466.268][INFO]: Done waiting for pending navigations. Status: ok
[1764349466.273][INFO]: Waiting for pending navigations...
[1764349466.274][INFO]: Done waiting for pending navigations. Status: ok
[1764349466.274][INFO]: [dbd4a6ecf9c428cb84879f61f999d412] RESPONSE GetUrl "https://leetcode.com/problemset/"
[1764349466.276][INFO]: [dbd4a6ecf9c428cb84879f61f999d412] COMMAND GetUrl {
}
[1764349466.276][INFO]: Waiting for pending navigations...
[1764349466.280][INFO]: Done waiting for pending navigations. Status: ok
[1764349466.287][INFO]: Waiting for pending navigations...
[1764349466.287][INFO]: Done waiting for pending navigations. Status: ok
[1764349466.287][INFO]: [dbd4a6ecf9c428cb84879f61f999d412] RESPONSE GetUrl "https://leetcode.com/problemset/"
[1764349466.292][INFO]: [dbd4a6ecf9c428cb84879f61f999d412] COMMAND Navigate {
   "url": "https://leetcode.com/problems/two-sum/description/"
}
[1764349466.292][INFO]: Waiting for pending navigations...
[1764349466.295][INFO]: Done waiting for pending navigations. Status: ok
[1764349467.278][INFO]: Waiting for pending navigations...
[1764349470.509][INFO]: Done waiting for pending navigations. Status: ok
[1764349470.509][INFO]: [dbd4a6ecf9c428cb84879f61f999d412] RESPONSE Navigate
[1764349470.517][INFO]: [dbd4a6ecf9c428cb84879f61f999d412] COMMAND FindElement {
   "using": "css selector",
   "value": "#submissions_tab"
}
[1764349470.517][INFO]: Waiting for pending navigations...
[1764349470.531][INFO]: Done waiting for pending navigations. Status: ok
[1764349470.575][INFO]: Waiting for pending navigations...
[1764349470.586][INFO]: Done waiting for pending navigations. Status: ok
[1764349470.586][INFO]: [dbd4a6ecf9c428cb84879f61f999d412] RESPONSE FindElement {
   "element-6066-11e4-a52e-4f735466cecf": "f.D51834E9D170EED26347268E4460A7EE.d.23CC969064AAA41AD6ABBB57DE4A7124.e.206"
}
[1764349470.590][INFO]: [dbd4a6ecf9c428cb84879f61f999d412] COMMAND ClickElement {
   "id": "f.D51834E9D170EED26347268E4460A7EE.d.23CC969064AAA41AD6ABBB57DE4A7124.e.206"
}
[1764349470.590][INFO]: Waiting for pending navigations...
[1764349470.593][INFO]: Done waiting for pending navigations. Status: ok
[1764349470.680][INFO]: Waiting for pending navigations...
[1764349470.689][INFO]: Done waiting for pending navigations. Status: ok
[1764349470.689][INFO]: [dbd4a6ecf9c428cb84879f61f999d412] RESPONSE ClickElement
[1764349470.692][INFO]: [dbd4a6ecf9c428cb84879f61f999d412] COMMAND SetTimeouts {
   "implicit": 3000
}
[1764349470.692][INFO]: [dbd4a6ecf9c428cb84879f61f999d412] RESPONSE SetTimeouts
[1764349472.696][INFO]: [dbd4a6ecf9c428cb84879f61f999d412] COMMAND FindElement {
   "using": "xpath",
   "value": "//a[normalize-space()='Register or Log in']"
}
[1764349472.696][INFO]: Waiting for pending navigations...
[1764349472.697][INFO]: Done waiting for pending navigations. Status: ok
[1764349472.706][INFO]: Waiting for pending navigations...
[1764349472.706][INFO]: Done waiting for pending navigations. Status: ok
[1764349472.706][INFO]: [dbd4a6ecf9c428cb84879f61f999d412] RESPONSE FindElement {
   "element-6066-11e4-a52e-4f735466cecf": "f.D51834E9D170EED26347268E4460A7EE.d.23CC969064AAA41AD6ABBB57DE4A7124.e.213"
}
[1764349472.709][INFO]: [dbd4a6ecf9c428cb84879f61f999d412] COMMAND GetElementText {
   "id": "f.D51834E9D170EED26347268E4460A7EE.d.23CC969064AAA41AD6ABBB57DE4A7124.e.213"
}
[1764349472.709][INFO]: Waiting for pending navigations...
[1764349472.709][INFO]: Done waiting for pending navigations. Status: ok
[1764349472.713][INFO]: Waiting for pending navigations...
[1764349472.713][INFO]: Done waiting for pending navigations. Status: ok
[1764349472.713][INFO]: [dbd4a6ecf9c428cb84879f61f999d412] RESPONSE GetElementText "Register or Log in"
[1764349472.715][INFO]: [dbd4a6ecf9c428cb84879f61f999d412] COMMAND CloseWindow {
}
[1764349472.801][INFO]: [dbd4a6ecf9c428cb84879f61f999d412] RESPONSE CloseWindow [  ]
